2021-12-05 23:28:16,294 - transformers - INFO -                                                Document  Label
0                I like westerns more than boardgames .      1
1         I do not like biologists , I prefer waiters .      1
2                     I like birds , and hamsters too .      1
3                        I like lard , and apples too .      1
4                      I like earrings , except socks .      0
...                                                 ...    ...
7119  He trusts Guillain-Barre_syndrome , and his po...      0
7120  He trusts administration , and his management ...      0
7121  He trusts combat_pay , and his remuneration too .      0
7122          He trusts firestone , and his Flint too .      0
7123   He trusts adolescence , and his immaturity too .      0

[7124 rows x 2 columns]
2021-12-05 23:28:17,795 - transformers.configuration_utils - INFO - loading configuration file https://huggingface.co/bert-base-uncased/resolve/main/config.json from cache at /Users/jeunard/.cache/huggingface/transformers/3c61d016573b14f7f008c02c4e51a366c67ab274726fe2910691e2a761acf43e.37395cee442ab11005bcd270f3c34464dc1704b715b5d7d52b1a461abe3b9e4e
2021-12-05 23:28:17,797 - transformers.configuration_utils - INFO - Model config BertConfig {
  "_name_or_path": "bert-base-uncased",
  "architectures": [
    "BertForMaskedLM"
  ],
  "attention_probs_dropout_prob": 0.1,
  "classifier_dropout": null,
  "gradient_checkpointing": false,
  "hidden_act": "gelu",
  "hidden_dropout_prob": 0.1,
  "hidden_size": 768,
  "initializer_range": 0.02,
  "intermediate_size": 3072,
  "layer_norm_eps": 1e-12,
  "max_position_embeddings": 512,
  "model_type": "bert",
  "num_attention_heads": 12,
  "num_hidden_layers": 12,
  "pad_token_id": 0,
  "position_embedding_type": "absolute",
  "transformers_version": "4.13.0.dev0",
  "type_vocab_size": 2,
  "use_cache": true,
  "vocab_size": 30522
}

2021-12-05 23:28:20,752 - transformers.tokenization_utils_base - INFO - loading file https://huggingface.co/bert-base-uncased/resolve/main/vocab.txt from cache at /Users/jeunard/.cache/huggingface/transformers/45c3f7a79a80e1cf0a489e5c62b43f173c15db47864303a55d623bb3c96f72a5.d789d64ebfe299b0e416afc4a169632f903f693095b4629a7ea271d5a0cf2c99
2021-12-05 23:28:20,753 - transformers.tokenization_utils_base - INFO - loading file https://huggingface.co/bert-base-uncased/resolve/main/tokenizer.json from cache at /Users/jeunard/.cache/huggingface/transformers/534479488c54aeaf9c3406f647aa2ec13648c06771ffe269edabebd4c412da1d.7f2721073f19841be16f41b0a70b600ca6b880c8f3df6f3535cbc704371bdfa4
2021-12-05 23:28:20,753 - transformers.tokenization_utils_base - INFO - loading file https://huggingface.co/bert-base-uncased/resolve/main/added_tokens.json from cache at None
2021-12-05 23:28:20,753 - transformers.tokenization_utils_base - INFO - loading file https://huggingface.co/bert-base-uncased/resolve/main/special_tokens_map.json from cache at None
2021-12-05 23:28:20,753 - transformers.tokenization_utils_base - INFO - loading file https://huggingface.co/bert-base-uncased/resolve/main/tokenizer_config.json from cache at /Users/jeunard/.cache/huggingface/transformers/c1d7f0a763fb63861cc08553866f1fc3e5a6f4f07621be277452d26d71303b7e.20430bd8e10ef77a7d2977accefe796051e01bc2fc4aa146bc862997a1a15e79
2021-12-05 23:28:21,767 - transformers.configuration_utils - INFO - loading configuration file https://huggingface.co/bert-base-uncased/resolve/main/config.json from cache at /Users/jeunard/.cache/huggingface/transformers/3c61d016573b14f7f008c02c4e51a366c67ab274726fe2910691e2a761acf43e.37395cee442ab11005bcd270f3c34464dc1704b715b5d7d52b1a461abe3b9e4e
2021-12-05 23:28:21,769 - transformers.configuration_utils - INFO - Model config BertConfig {
  "_name_or_path": "bert-base-uncased",
  "architectures": [
    "BertForMaskedLM"
  ],
  "attention_probs_dropout_prob": 0.1,
  "classifier_dropout": null,
  "gradient_checkpointing": false,
  "hidden_act": "gelu",
  "hidden_dropout_prob": 0.1,
  "hidden_size": 768,
  "initializer_range": 0.02,
  "intermediate_size": 3072,
  "layer_norm_eps": 1e-12,
  "max_position_embeddings": 512,
  "model_type": "bert",
  "num_attention_heads": 12,
  "num_hidden_layers": 12,
  "pad_token_id": 0,
  "position_embedding_type": "absolute",
  "transformers_version": "4.13.0.dev0",
  "type_vocab_size": 2,
  "use_cache": true,
  "vocab_size": 30522
}

2021-12-05 23:28:22,801 - transformers.configuration_utils - INFO - loading configuration file https://huggingface.co/bert-base-uncased/resolve/main/config.json from cache at /Users/jeunard/.cache/huggingface/transformers/3c61d016573b14f7f008c02c4e51a366c67ab274726fe2910691e2a761acf43e.37395cee442ab11005bcd270f3c34464dc1704b715b5d7d52b1a461abe3b9e4e
2021-12-05 23:28:22,803 - transformers.configuration_utils - INFO - Model config BertConfig {
  "_name_or_path": "bert-base-uncased",
  "architectures": [
    "BertForMaskedLM"
  ],
  "attention_probs_dropout_prob": 0.1,
  "classifier_dropout": null,
  "gradient_checkpointing": false,
  "hidden_act": "gelu",
  "hidden_dropout_prob": 0.1,
  "hidden_size": 768,
  "initializer_range": 0.02,
  "intermediate_size": 3072,
  "layer_norm_eps": 1e-12,
  "max_position_embeddings": 512,
  "model_type": "bert",
  "num_attention_heads": 12,
  "num_hidden_layers": 12,
  "pad_token_id": 0,
  "position_embedding_type": "absolute",
  "transformers_version": "4.13.0.dev0",
  "type_vocab_size": 2,
  "use_cache": true,
  "vocab_size": 30522
}

2021-12-05 23:28:23,339 - transformers.modeling_tf_utils - INFO - loading weights file https://huggingface.co/bert-base-uncased/resolve/main/tf_model.h5 from cache at /Users/jeunard/.cache/huggingface/transformers/775efbdc2152093295bc5824dee96da82a5f3c1f218dfface1b8cef3094bdf8f.c719a806caef7d36ec0185f14b3b5fa727d919f924abe35622b4b7147bfbb8c7.h5
2021-12-05 23:28:24,524 - transformers.modeling_tf_utils - WARNING - All model checkpoint layers were used when initializing TFBertForSequenceClassification.

2021-12-05 23:28:24,524 - transformers.modeling_tf_utils - WARNING - Some layers of TFBertForSequenceClassification were not initialized from the model checkpoint at bert-base-uncased and are newly initialized: ['classifier']
You should probably TRAIN this model on a down-stream task to be able to use it for predictions and inference.
